{"C:\\Users\\Ana Paula\\Documents\\reprograma\\oficina-imersao-js\\src\\dominio\\calculadora\\Hora\\valorHora.js": {"path":"C:\\Users\\Ana Paula\\Documents\\reprograma\\oficina-imersao-js\\src\\dominio\\calculadora\\Hora\\valorHora.js","statementMap":{"0":{"start":{"line":4,"column":4},"end":{"line":4,"column":39}},"1":{"start":{"line":6,"column":29},"end":{"line":11,"column":1}},"2":{"start":{"line":7,"column":34},"end":{"line":7,"column":67}},"3":{"start":{"line":8,"column":23},"end":{"line":8,"column":59}},"4":{"start":{"line":10,"column":2},"end":{"line":10,"column":33}},"5":{"start":{"line":13,"column":0},"end":{"line":13,"column":52}}},"fnMap":{"0":{"name":"(anonymous_0)","decl":{"start":{"line":6,"column":29},"end":{"line":6,"column":30}},"loc":{"start":{"line":6,"column":46},"end":{"line":11,"column":1}},"line":6}},"branchMap":{},"s":{"0":1,"1":1,"2":1,"3":1,"4":1,"5":1},"f":{"0":1},"b":{},"_coverageSchema":"1a1c01bbd47fc00a2c39e90264f33305004495a9","hash":"bf8dc81034542337d3e960b58a8cb8d137320864"}
,"C:\\Users\\Ana Paula\\Documents\\reprograma\\oficina-imersao-js\\src\\dominio\\calculadora\\Projeto\\horasPorProjeto.js": {"path":"C:\\Users\\Ana Paula\\Documents\\reprograma\\oficina-imersao-js\\src\\dominio\\calculadora\\Projeto\\horasPorProjeto.js","statementMap":{"0":{"start":{"line":1,"column":37},"end":{"line":1,"column":72}},"1":{"start":{"line":3,"column":31},"end":{"line":7,"column":1}},"2":{"start":{"line":4,"column":2},"end":{"line":6,"column":57}},"3":{"start":{"line":5,"column":17},"end":{"line":5,"column":47}},"4":{"start":{"line":6,"column":35},"end":{"line":6,"column":53}},"5":{"start":{"line":9,"column":0},"end":{"line":9,"column":56}}},"fnMap":{"0":{"name":"(anonymous_0)","decl":{"start":{"line":3,"column":31},"end":{"line":3,"column":32}},"loc":{"start":{"line":4,"column":2},"end":{"line":6,"column":57}},"line":4},"1":{"name":"(anonymous_1)","decl":{"start":{"line":5,"column":9},"end":{"line":5,"column":10}},"loc":{"start":{"line":5,"column":17},"end":{"line":5,"column":47}},"line":5},"2":{"name":"(anonymous_2)","decl":{"start":{"line":6,"column":12},"end":{"line":6,"column":13}},"loc":{"start":{"line":6,"column":35},"end":{"line":6,"column":53}},"line":6}},"branchMap":{},"s":{"0":2,"1":2,"2":4,"3":27,"4":27,"5":2},"f":{"0":4,"1":27,"2":27},"b":{},"_coverageSchema":"1a1c01bbd47fc00a2c39e90264f33305004495a9","hash":"50052396e3fc23491b81bddd435606f15620d25d"}
,"C:\\Users\\Ana Paula\\Documents\\reprograma\\oficina-imersao-js\\src\\dominio\\calculadora\\Projeto\\pacote.js": {"path":"C:\\Users\\Ana Paula\\Documents\\reprograma\\oficina-imersao-js\\src\\dominio\\calculadora\\Projeto\\pacote.js","statementMap":{"0":{"start":{"line":1,"column":33},"end":{"line":1,"column":68}},"1":{"start":{"line":3,"column":23},"end":{"line":5,"column":6}},"2":{"start":{"line":3,"column":51},"end":{"line":5,"column":6}},"3":{"start":{"line":4,"column":26},"end":{"line":4,"column":56}},"4":{"start":{"line":7,"column":0},"end":{"line":7,"column":40}}},"fnMap":{"0":{"name":"(anonymous_0)","decl":{"start":{"line":3,"column":23},"end":{"line":3,"column":24}},"loc":{"start":{"line":3,"column":51},"end":{"line":5,"column":6}},"line":3},"1":{"name":"(anonymous_1)","decl":{"start":{"line":4,"column":8},"end":{"line":4,"column":9}},"loc":{"start":{"line":4,"column":26},"end":{"line":4,"column":56}},"line":4}},"branchMap":{},"s":{"0":2,"1":2,"2":8,"3":17,"4":2},"f":{"0":8,"1":17},"b":{},"_coverageSchema":"1a1c01bbd47fc00a2c39e90264f33305004495a9","hash":"7e2071ce04339276b194ee6cf5a90acd2511d088"}
,"C:\\Users\\Ana Paula\\Documents\\reprograma\\oficina-imersao-js\\src\\dominio\\calculadora\\Projeto\\valorProjeto.js": {"path":"C:\\Users\\Ana Paula\\Documents\\reprograma\\oficina-imersao-js\\src\\dominio\\calculadora\\Projeto\\valorProjeto.js","statementMap":{"0":{"start":{"line":1,"column":41},"end":{"line":1,"column":76}},"1":{"start":{"line":2,"column":35},"end":{"line":2,"column":63}},"2":{"start":{"line":3,"column":27},"end":{"line":3,"column":46}},"3":{"start":{"line":5,"column":33},"end":{"line":7,"column":1}},"4":{"start":{"line":6,"column":2},"end":{"line":6,"column":44}},"5":{"start":{"line":9,"column":34},"end":{"line":17,"column":1}},"6":{"start":{"line":10,"column":33},"end":{"line":10,"column":72}},"7":{"start":{"line":12,"column":17},"end":{"line":12,"column":55}},"8":{"start":{"line":14,"column":20},"end":{"line":14,"column":79}},"9":{"start":{"line":16,"column":2},"end":{"line":16,"column":70}},"10":{"start":{"line":19,"column":0},"end":{"line":19,"column":62}}},"fnMap":{"0":{"name":"(anonymous_0)","decl":{"start":{"line":5,"column":33},"end":{"line":5,"column":34}},"loc":{"start":{"line":5,"column":72},"end":{"line":7,"column":1}},"line":5},"1":{"name":"(anonymous_1)","decl":{"start":{"line":9,"column":34},"end":{"line":9,"column":35}},"loc":{"start":{"line":9,"column":66},"end":{"line":17,"column":1}},"line":9}},"branchMap":{},"s":{"0":1,"1":1,"2":1,"3":1,"4":3,"5":1,"6":3,"7":3,"8":3,"9":3,"10":1},"f":{"0":3,"1":3},"b":{},"_coverageSchema":"1a1c01bbd47fc00a2c39e90264f33305004495a9","hash":"f2bd845075345af346145aee046abbdcd109c938"}
,"C:\\Users\\Ana Paula\\Documents\\reprograma\\oficina-imersao-js\\src\\dominio\\calculadora\\constantes\\constantes.js": {"path":"C:\\Users\\Ana Paula\\Documents\\reprograma\\oficina-imersao-js\\src\\dominio\\calculadora\\constantes\\constantes.js","statementMap":{"0":{"start":{"line":1,"column":26},"end":{"line":1,"column":28}},"1":{"start":{"line":2,"column":22},"end":{"line":2,"column":23}},"2":{"start":{"line":4,"column":29},"end":{"line":8,"column":1}},"3":{"start":{"line":10,"column":37},"end":{"line":14,"column":1}},"4":{"start":{"line":16,"column":33},"end":{"line":25,"column":1}},"5":{"start":{"line":27,"column":0},"end":{"line":33,"column":1}}},"fnMap":{},"branchMap":{},"s":{"0":4,"1":4,"2":4,"3":4,"4":4,"5":4},"f":{},"b":{},"_coverageSchema":"1a1c01bbd47fc00a2c39e90264f33305004495a9","hash":"00939f151bf3666c4ca5f2a714906b93a6d95202"}
}
